This is pdfTeX, Version 3.14159265-2.6-1.40.17 (TeX Live 2016) (preloaded format=pdflatex 2016.5.22)  2 DEC 2016 10:09
entering extended mode
 restricted \write18 enabled.
 file:line:error style messages enabled.
 %&-line parsing enabled.
**"special functions.tex"
(./special functions.tex
LaTeX2e <2016/03/31>
Babel <3.9r> and hyphenation patterns for 83 language(s) loaded.
(./newsiambook.cls
Document Class: newsiambook 2003/10/22 v1.9 Customized LaTeX document class
(./newsiambk10.clo
File: newsiambk10.clo 2000/05/03 v1.5 Customized LaTeX file (size option)
)
\c@part=\count79
\c@chapter=\count80
\c@section=\count81
\c@subsection=\count82
\c@subsubsection=\count83
\c@paragraph=\count84
\c@subparagraph=\count85
\c@figure=\count86
\c@table=\count87
\abovecaptionskip=\skip41
\belowcaptionskip=\skip42
\c@algorithm=\count88
\bibindent=\dimen102
\proofboxwd=\skip43
\c@theorem=\count89
\c@rmnum=\count90
\c@muni=\count91
\c@prob=\count92
)
(/usr/local/texlive/2016/texmf-dist/tex/latex/amsmath/amsmath.sty
Package: amsmath 2016/03/10 v2.15b AMS math features
\@mathmargin=\skip44

For additional information on amsmath, use the `?' option.
(/usr/local/texlive/2016/texmf-dist/tex/latex/amsmath/amstext.sty
Package: amstext 2000/06/29 v2.01 AMS text

(/usr/local/texlive/2016/texmf-dist/tex/latex/amsmath/amsgen.sty
File: amsgen.sty 1999/11/30 v2.0 generic functions
\@emptytoks=\toks14
\ex@=\dimen103
))
(/usr/local/texlive/2016/texmf-dist/tex/latex/amsmath/amsbsy.sty
Package: amsbsy 1999/11/29 v1.2d Bold Symbols
\pmbraise@=\dimen104
)
(/usr/local/texlive/2016/texmf-dist/tex/latex/amsmath/amsopn.sty
Package: amsopn 2016/03/08 v2.02 operator names
)
\inf@bad=\count93
LaTeX Info: Redefining \frac on input line 199.
\uproot@=\count94
\leftroot@=\count95
LaTeX Info: Redefining \overline on input line 297.
\classnum@=\count96
\DOTSCASE@=\count97
LaTeX Info: Redefining \ldots on input line 394.
LaTeX Info: Redefining \dots on input line 397.
LaTeX Info: Redefining \cdots on input line 518.
\Mathstrutbox@=\box26
\strutbox@=\box27
\big@size=\dimen105
LaTeX Font Info:    Redeclaring font encoding OML on input line 634.
LaTeX Font Info:    Redeclaring font encoding OMS on input line 635.
\macc@depth=\count98
\c@MaxMatrixCols=\count99
\dotsspace@=\muskip10
\c@parentequation=\count100
\dspbrk@lvl=\count101
\tag@help=\toks15
\row@=\count102
\column@=\count103
\maxfields@=\count104
\andhelp@=\toks16
\eqnshift@=\dimen106
\alignsep@=\dimen107
\tagshift@=\dimen108
\tagwidth@=\dimen109
\totwidth@=\dimen110
\lineht@=\dimen111
\@envbody=\toks17
\multlinegap=\skip45
\multlinetaggap=\skip46
\mathdisplay@stack=\toks18
LaTeX Info: Redefining \[ on input line 2739.
LaTeX Info: Redefining \] on input line 2740.
)
(/usr/local/texlive/2016/texmf-dist/tex/latex/amsfonts/amssymb.sty
Package: amssymb 2013/01/14 v3.01 AMS font symbols

(/usr/local/texlive/2016/texmf-dist/tex/latex/amsfonts/amsfonts.sty
Package: amsfonts 2013/01/14 v3.01 Basic AMSFonts support
\symAMSa=\mathgroup4
\symAMSb=\mathgroup5
LaTeX Font Info:    Overwriting math alphabet `\mathfrak' in version `bold'
(Font)                  U/euf/m/n --> U/euf/b/n on input line 106.
))
(/usr/local/texlive/2016/texmf-dist/tex/latex/graphics/graphicx.sty
Package: graphicx 2014/10/28 v1.0g Enhanced LaTeX Graphics (DPC,SPQR)

(/usr/local/texlive/2016/texmf-dist/tex/latex/graphics/keyval.sty
Package: keyval 2014/10/28 v1.15 key=value parser (DPC)
\KV@toks@=\toks19
)
(/usr/local/texlive/2016/texmf-dist/tex/latex/graphics/graphics.sty
Package: graphics 2016/05/09 v1.0r Standard LaTeX Graphics (DPC,SPQR)

(/usr/local/texlive/2016/texmf-dist/tex/latex/graphics/trig.sty
Package: trig 2016/01/03 v1.10 sin cos tan (DPC)
)
(/usr/local/texlive/2016/texmf-dist/tex/latex/graphics-cfg/graphics.cfg
File: graphics.cfg 2016/01/02 v1.10 sample graphics configuration
)
Package graphics Info: Driver file: pdftex.def on input line 96.

(/usr/local/texlive/2016/texmf-dist/tex/latex/pdftex-def/pdftex.def
File: pdftex.def 2011/05/27 v0.06d Graphics/color for pdfTeX

(/usr/local/texlive/2016/texmf-dist/tex/generic/oberdiek/infwarerr.sty
Package: infwarerr 2016/05/16 v1.4 Providing info/warning/error messages (HO)
)
(/usr/local/texlive/2016/texmf-dist/tex/generic/oberdiek/ltxcmds.sty
Package: ltxcmds 2016/05/16 v1.23 LaTeX kernel commands for general use (HO)
)
\Gread@gobject=\count105
))
\Gin@req@height=\dimen112
\Gin@req@width=\dimen113
)
(/usr/local/texlive/2016/texmf-dist/tex/latex/base/makeidx.sty
Package: makeidx 2014/09/29 v1.0m Standard LaTeX package
)
(/usr/local/texlive/2016/texmf-dist/tex/latex/tools/multicol.sty
Package: multicol 2016/04/07 v1.8p multicolumn formatting (FMi)
\c@tracingmulticols=\count106
\mult@box=\box28
\multicol@leftmargin=\dimen114
\c@unbalance=\count107
\c@collectmore=\count108
\doublecol@number=\count109
\multicoltolerance=\count110
\multicolpretolerance=\count111
\full@width=\dimen115
\page@free=\dimen116
\premulticols=\dimen117
\postmulticols=\dimen118
\multicolsep=\skip47
\multicolbaselineskip=\skip48
\partial@page=\box29
\last@line=\box30
\maxbalancingoverflow=\dimen119
\mult@rightbox=\box31
\mult@grightbox=\box32
\mult@gfirstbox=\box33
\mult@firstbox=\box34
\@tempa=\box35
\@tempa=\box36
\@tempa=\box37
\@tempa=\box38
\@tempa=\box39
\@tempa=\box40
\@tempa=\box41
\@tempa=\box42
\@tempa=\box43
\@tempa=\box44
\@tempa=\box45
\@tempa=\box46
\@tempa=\box47
\@tempa=\box48
\@tempa=\box49
\@tempa=\box50
\@tempa=\box51
\c@columnbadness=\count112
\c@finalcolumnbadness=\count113
\last@try=\dimen120
\multicolovershoot=\dimen121
\multicolundershoot=\dimen122
\mult@nat@firstbox=\box52
\colbreak@box=\box53
\mc@col@check@num=\count114
)
(/usr/local/texlive/2016/texmf-dist/tex/latex/multirow/multirow.sty
\bigstrutjot=\dimen123
)
(/usr/local/texlive/2016/texmf-dist/tex/latex/crop/crop.sty
Package: crop 2003/05/20 v1.9 crop marks (mf)
\stockwidth=\dimen124
\stockheight=\dimen125
\CROP@index=\count115

(/usr/local/texlive/2016/texmf-dist/tex/latex/graphics/color.sty
Package: color 2016/05/09 v1.1c Standard LaTeX Color (DPC)

(/usr/local/texlive/2016/texmf-dist/tex/latex/graphics-cfg/color.cfg
File: color.cfg 2016/01/02 v1.6 sample color configuration
)
Package color Info: Driver file: pdftex.def on input line 144.
)
\CROP@offset=\count116
Package crop Info: Local config file crop.cfg used on input line 605.

(/usr/local/texlive/2016/texmf-dist/tex/xelatex/xetexconfig/crop.cfg))
(/usr/local/texlive/2016/texmf-dist/tex/latex/oberdiek/pdflscape.sty
Package: pdflscape 2016/05/14 v0.11 Display of landscape pages in PDF (HO)

(/usr/local/texlive/2016/texmf-dist/tex/latex/graphics/lscape.sty
Package: lscape 2000/10/22 v3.01 Landscape Pages (DPC)
)
(/usr/local/texlive/2016/texmf-dist/tex/generic/oberdiek/ifpdf.sty
Package: ifpdf 2016/05/14 v3.1 Provides the ifpdf switch
)
Package pdflscape Info: Auto-detected driver: pdftex on input line 81.

(/usr/local/texlive/2016/texmf-dist/tex/generic/ifxetex/ifxetex.sty
Package: ifxetex 2010/09/12 v0.6 Provides ifxetex conditional
))
(/usr/local/texlive/2016/texmf-dist/tex/latex/tools/tabularx.sty
Package: tabularx 2016/02/03 v2.11 `tabularx' package (DPC)

(/usr/local/texlive/2016/texmf-dist/tex/latex/tools/array.sty
Package: array 2014/10/28 v2.4c Tabular extension package (FMi)
\col@sep=\dimen126
\extrarowheight=\dimen127
\NC@list=\toks20
\extratabsurround=\skip49
\backup@length=\skip50
)
\TX@col@width=\dimen128
\TX@old@table=\dimen129
\TX@old@col=\dimen130
\TX@target=\dimen131
\TX@delta=\dimen132
\TX@cols=\count117
\TX@ftn=\toks21
)
(/usr/local/texlive/2016/texmf-dist/tex/latex/colortbl/colortbl.sty
Package: colortbl 2012/02/13 v1.0a Color table columns (DPC)
\everycr=\toks22
\minrowclearance=\skip51
)
(/usr/local/texlive/2016/texmf-dist/tex/latex/sidecap/sidecap.sty
Package: sidecap 2003/06/06 v1.6f SideCap Package (RN/HjG)

(/usr/local/texlive/2016/texmf-dist/tex/latex/base/ifthen.sty
Package: ifthen 2014/09/29 v1.1c Standard LaTeX ifthen package (DPC)
)
\SC@BOXWD=\dimen133
\SC@CAPWD=\dimen134
\SC@tempdima=\dimen135
\SC@tempdimb=\dimen136
\c@SC@C=\count118
\SC@BOX=\box54
)
(./common/declarations.tex (./common//delimiters.tex)
(./common//matrix basics.tex) (./common//reciprocals.tex))
\@indexfile=\write3
\openout3 = `"special functions.idx"'.


Writing index file "special functions".idx
(./special functions.aux

LaTeX Warning: Label `eq:102' multiply defined.


LaTeX Warning: Label `second' multiply defined.

)
\openout1 = `"special functions.aux"'.

LaTeX Font Info:    Checking defaults for OML/cmm/m/it on input line 29.
LaTeX Font Info:    ... okay on input line 29.
LaTeX Font Info:    Checking defaults for T1/cmr/m/n on input line 29.
LaTeX Font Info:    ... okay on input line 29.
LaTeX Font Info:    Checking defaults for OT1/cmr/m/n on input line 29.
LaTeX Font Info:    ... okay on input line 29.
LaTeX Font Info:    Checking defaults for OMS/cmsy/m/n on input line 29.
LaTeX Font Info:    ... okay on input line 29.
LaTeX Font Info:    Checking defaults for OMX/cmex/m/n on input line 29.
LaTeX Font Info:    ... okay on input line 29.
LaTeX Font Info:    Checking defaults for U/cmr/m/n on input line 29.
LaTeX Font Info:    ... okay on input line 29.
 (/usr/local/texlive/2016/texmf-dist/tex/context/base/mkii/supp-pdf.mkii
[Loading MPS to PDF converter (version 2006.09.02).]
\scratchcounter=\count119
\scratchdimen=\dimen137
\scratchbox=\box55
\nofMPsegments=\count120
\nofMParguments=\count121
\everyMPshowfont=\toks23
\MPscratchCnt=\count122
\MPscratchDim=\dimen138
\MPnumerator=\count123
\makeMPintoPDFobject=\count124
\everyMPtoPDFconversion=\toks24
) (/usr/local/texlive/2016/texmf-dist/tex/generic/oberdiek/pdftexcmds.sty
Package: pdftexcmds 2016/05/10 v0.21 Utility functions of pdfTeX for LuaTeX (HO
)

(/usr/local/texlive/2016/texmf-dist/tex/generic/oberdiek/ifluatex.sty
Package: ifluatex 2016/05/16 v1.4 Provides the ifluatex switch (HO)
Package ifluatex Info: LuaTeX not detected.
)
Package pdftexcmds Info: LuaTeX not detected.
Package pdftexcmds Info: \pdf@primitive is available.
Package pdftexcmds Info: \pdf@ifprimitive is available.
Package pdftexcmds Info: \pdfdraftmode found.
)
(/usr/local/texlive/2016/texmf-dist/tex/latex/oberdiek/epstopdf-base.sty
Package: epstopdf-base 2016/05/15 v2.6 Base part for package epstopdf

(/usr/local/texlive/2016/texmf-dist/tex/latex/oberdiek/grfext.sty
Package: grfext 2016/05/16 v1.2 Manage graphics extensions (HO)

(/usr/local/texlive/2016/texmf-dist/tex/generic/oberdiek/kvdefinekeys.sty
Package: kvdefinekeys 2016/05/16 v1.4 Define keys (HO)
))
(/usr/local/texlive/2016/texmf-dist/tex/latex/oberdiek/kvoptions.sty
Package: kvoptions 2016/05/16 v3.12 Key value format for package options (HO)

(/usr/local/texlive/2016/texmf-dist/tex/generic/oberdiek/kvsetkeys.sty
Package: kvsetkeys 2016/05/16 v1.17 Key value parser (HO)

(/usr/local/texlive/2016/texmf-dist/tex/generic/oberdiek/etexcmds.sty
Package: etexcmds 2016/05/16 v1.6 Avoid name clashes with e-TeX commands (HO)
Package etexcmds Info: Could not find \expanded.
(etexcmds)             That can mean that you are not using pdfTeX 1.50 or
(etexcmds)             that some package has redefined \expanded.
(etexcmds)             In the latter case, load this package earlier.
)))
Package grfext Info: Graphics extension search list:
(grfext)             [.png,.pdf,.jpg,.mps,.jpeg,.jbig2,.jb2,.PNG,.PDF,.JPG,.JPE
G,.JBIG2,.JB2,.eps]
(grfext)             \AppendGraphicsExtensions on input line 456.

(/usr/local/texlive/2016/texmf-dist/tex/latex/latexconfig/epstopdf-sys.cfg
File: epstopdf-sys.cfg 2010/07/13 v1.3 Configuration of (r)epstopdf for TeX Liv
e
))
Package crop Info: requested driver: `' on input line 29.
Package crop Info: detected driver: `pdftex' on input line 29.
Package crop Info: using `pdftex' graphics driver on input line 29.

(/usr/local/texlive/2016/texmf-dist/tex/latex/ms/ragged2e.sty
Package: ragged2e 2009/05/21 v2.1 ragged2e Package (MS)

(/usr/local/texlive/2016/texmf-dist/tex/latex/ms/everysel.sty
Package: everysel 2011/10/28 v1.2 EverySelectfont Package (MS)

ABD: EverySelectfont initializing macros
LaTeX Info: Redefining \selectfont on input line 126.
)
\CenteringLeftskip=\skip52
\RaggedLeftLeftskip=\skip53
\RaggedRightLeftskip=\skip54
\CenteringRightskip=\skip55
\RaggedLeftRightskip=\skip56
\RaggedRightRightskip=\skip57
\CenteringParfillskip=\skip58
\RaggedLeftParfillskip=\skip59
\RaggedRightParfillskip=\skip60
\JustifyingParfillskip=\skip61
\CenteringParindent=\skip62
\RaggedLeftParindent=\skip63
\RaggedRightParindent=\skip64
\JustifyingParindent=\skip65
) (./special functions.toc
LaTeX Font Info:    Try loading font information for U+msa on input line 3.

(/usr/local/texlive/2016/texmf-dist/tex/latex/amsfonts/umsa.fd
File: umsa.fd 2013/01/14 v3.01 AMS symbols A
)
LaTeX Font Info:    Try loading font information for U+msb on input line 3.

(/usr/local/texlive/2016/texmf-dist/tex/latex/amsfonts/umsb.fd
File: umsb.fd 2013/01/14 v3.01 AMS symbols B
))
\tf@toc=\write4
\openout4 = `"special functions.toc"'.

 [1{/usr/local/texlive/2016/texmf-var/fonts/map/pdftex/updmap/pdftex.map}



] [2

]
(./special functions.lof)
\tf@lof=\write5
\openout5 = `"special functions.lof"'.

 [3] [4

] (./special functions.lot)
\tf@lot=\write6
\openout6 = `"special functions.lot"'.


(./chapters/frontmatter/preface.tex [5] [6

])
(./chapters/frontmatter/introduction.tex [7] [8

] [9]
Underfull \hbox (badness 10000) in paragraph at lines 10--12

 []

) [10] (./chapters/ch 01 introduction/introduction.tex
Chapter 1.
[1


] [2]) (./chapters/ch 02 abstract groups/head abstract groups.tex [3]
[4

]
Chapter 2.
(./chapters/ch 02 abstract groups/sec abstract groups.tex
Underfull \vbox (badness 10000) has occurred while \output is active []

 [5]
[6]) (./chapters/ch 02 abstract groups/sec subgroup and factor groups.tex
[7]
Underfull \vbox (badness 10000) has occurred while \output is active []

 [8])
(./chapters/ch 02 abstract groups/sec homomorphisms.tex [9])
(./chapters/ch 02 abstract groups/sec further aspects.tex [10]
Missing character: There is no á in font cmr10!
 [11]))
(./chapters/ch 03 Lie groups/head Lie groups.tex [12]
Chapter 3.
(./chapters/ch 03 Lie groups/sec Lie groups.tex
Underfull \vbox (badness 10000) has occurred while \output is active []

 [13

]
[14]
Missing character: There is no » in font cmr10!
Missing character: There is no ± in font cmr10!
Missing character: There is no ± in font cmr10!
 [15]) (./chapters/ch 03 Lie groups/sec compact groups.tex
Underfull \vbox (badness 1436) has occurred while \output is active []

 [16])
(./chapters/ch 03 Lie groups/sec locally isomorphic groups.tex
Missing character: There is no ± in font cmr10!
)
(./chapters/ch 03 Lie groups/sec properties of the product functions.tex
[17]
Missing character: There is no » in font cmr10!
) (./chapters/ch 03 Lie groups/sec one parameter subgroups.tex [18]
Missing character: There is no £ in font cmr10!

<images/"figure 9-1 naked".pdf, id=103, 451.6875pt x 452.69125pt>
File: images/"figure 9-1 naked".pdf Graphic file (type pdf)

<use images/"figure 9-1 naked".pdf>
Package pdftex.def Info: images/"figure 9-1 naked".pdf used on input line 14.
(pdftex.def)             Requested size: 72.26999pt x 72.42517pt.


LaTeX Warning: Reference `eq:3-10' on page 19 undefined on input line 19.

[19 <./images/figure 9-1 naked.pdf>] [20]
Missing character: There is no £ in font cmr10!
Missing character: There is no £ in font cmr10!
Missing character: There is no £ in font cmr10!
Missing character: There is no £ in font cmr10!
Missing character: There is no £ in font cmr10!
Missing character: There is no £ in font cmr10!
Missing character: There is no £ in font cmr10!
)
(./chapters/ch 03 Lie groups/sec canonical coordinates.tex
Missing character: There is no £ in font cmr10!
Missing character: There is no £ in font cmr10!
Missing character: There is no £ in font cmr10!
 [21]
Missing character: There is no £ in font cmr10!
Missing character: There is no £ in font cmr10!
Missing character: There is no £ in font cmr10!
Missing character: There is no £ in font cmr10!
Missing character: There is no » in font cmr10!
Missing character: There is no » in font cmr10!
 [22])
(./chapters/ch 03 Lie groups/sec one parameter subgroups of matrix groups.tex

LaTeX Warning: Reference `3-13' on page 23 undefined on input line 18.


LaTeX Warning: Reference `3-22' on page 23 undefined on input line 48.

)) (./chapters/ch 04 Lie algebras/head Lie algebras.tex [23] [24

]
Chapter 4.
Missing character: There is no » in font cmr10!
Missing character: There is no · in font cmr10!
Missing character: There is no » in font cmr10!
Missing character: There is no » in font cmr10!
Missing character: There is no ° in font cmr10!

Underfull \vbox (badness 10000) has occurred while \output is active []

 [25]
Missing character: There is no · in font cmr10!
Missing character: There is no · in font cmr10!
Missing character: There is no » in font cmr10!

[26]
Missing character: There is no » in font cmr10!
Missing character: There is no » in font cmr10!
Missing character: There is no » in font cmr10!
Missing character: There is no » in font cmr10!
Missing character: There is no » in font cmr10!
Missing character: There is no » in font cmr10!
Missing character: There is no » in font cmr10!
Missing character: There is no » in font cmr10!


LaTeX Warning: Reference `11' on page 27 undefined on input line 129.


LaTeX Warning: Reference `9' on page 27 undefined on input line 129.


LaTeX Warning: Reference `1' on page 27 undefined on input line 129.

[27]

LaTeX Warning: Reference `11' on page 28 undefined on input line 132.


LaTeX Warning: Reference `13' on page 28 undefined on input line 132.


LaTeX Warning: Reference `eq:4-14' on page 28 undefined on input line 148.

[28]
Missing character: There is no £ in font cmr10!
Missing character: There is no £ in font cmr10!
Missing character: There is no £ in font cmr10!
Missing character: There is no £ in font cmr10!
Missing character: There is no £ in font cmr10!
Missing character: There is no £ in font cmr10!
 [29] [30]
Missing character: There is no £ in font cmr10!
File: images/"figure 9-1 naked".pdf Graphic file (type pdf)
 <use images/"figure 9-1 naked".pdf>
Package pdftex.def Info: images/"figure 9-1 naked".pdf used on input line 243.
(pdftex.def)             Requested size: 72.26999pt x 72.42517pt.
Missing character: There is no £ in font cmr10!
Missing character: There is no £ in font cmr10!
Missing character: There is no £ in font cmr10!
Missing character: There is no £ in font cmr10!
Missing character: There is no ° in font cmr10!
Missing character: There is no £ in font cmr10!
Missing character: There is no ° in font cmr10!
Missing character: There is no ° in font cmr10!
Missing character: There is no £ in font cmr10!
Missing character: There is no £ in font cmr10!
Missing character: There is no £ in font cmr10!
Missing character: There is no £ in font cmr10!
Missing character: There is no £ in font cmr10!
 [31])
(./chapters/ch 05 invariant integration/head invariant integration.tex [32]
Chapter 5.
) (./chapters/ch 06 group representations/head group representations.tex
[33

] [34

]
Chapter 6.
) (./chapters/ch 07 completeness theorems/head completeness theorems.tex
[35] [36

]
Chapter 7.
) (./chapters/ch 08 U(1) and SU(2)/head U(1) and SU(2).tex [37] [38

]
Chapter 8.
) (./chapters/ch 09 rotations in space/head rotations in space.tex [39]
[40

]
Chapter 9.
(./chapters/ch 09 rotations in space/sec general properties.tex [41]
File: images/"figure 9-1 naked".pdf Graphic file (type pdf)

<use images/"figure 9-1 naked".pdf>
Package pdftex.def Info: images/"figure 9-1 naked".pdf used on input line 35.
(pdftex.def)             Requested size: 144.54pt x 144.86415pt.
 [42]
Underfull \hbox (badness 1292) in paragraph at lines 78--78
[]| \OT1/cmr/bx/n/10 Fig-ure 9.3. \OT1/cmr/m/it/10 The fi-nal po-si-tion of $\O
ML/cmm/m/it/10 i$\OT1/cmr/m/it/10 , $\OML/cmm/m/it/10 j$\OT1/cmr/m/it/10 , $\OM
L/cmm/m/it/10 k$ \OT1/cmr/m/it/10 fol-low-ing the ro-ta-tion
 []

[43] [44] [45])
(./chapters/ch 09 rotations in space/sec invariant integration.tex
LaTeX Font Info:    Calculating math sizes for size <14> on input line 1.
)
(./chapters/ch 09 rotations in space/sec homomorphism.tex [46] [47] [48])
(./chapters/ch 09 rotations in space/sec representations of the rotation group.
tex [49] [50])
(./chapters/ch 09 rotations in space/sec harmonic polynomials.tex
LaTeX Font Info:    Try loading font information for OMS+cmr on input line 3.

(/usr/local/texlive/2016/texmf-dist/tex/latex/base/omscmr.fd
File: omscmr.fd 2014/09/29 v2.5h Standard LaTeX font definitions
)
LaTeX Font Info:    Font shape `OMS/cmr/m/n' in size <10> not available
(Font)              Font shape `OMS/cmsy/m/n' tried instead on input line 3.


LaTeX Warning: Reference `sec:8-2' on page 51 undefined on input line 3.


LaTeX Warning: Reference `sec:8-2' on page 51 undefined on input line 3.

[51]

LaTeX Warning: Reference `6.42' on page 52 undefined on input line 39.


LaTeX Warning: Reference `9-19' on page 52 undefined on input line 50.

[52]
Underfull \hbox (badness 1043) detected at line 91
 []$[]  \OML/cmm/m/it/10 g[] \OT1/cmr/m/n/10 = [](\OMS/cmsy/m/n/10 ^^@\OT1/cmr/
m/n/10 1)[][]\OML/cmm/m/it/10 u[]v[]z[]$ [][]  
 []


LaTeX Warning: Reference `eq:6-44' on page 53 undefined on input line 99.


LaTeX Warning: Reference `9-19' on page 53 undefined on input line 99.

[53]

LaTeX Warning: Reference `6.44' on page 54 undefined on input line 113.


LaTeX Warning: Reference `9-23a' on page 54 undefined on input line 120.


LaTeX Warning: Reference `9-19' on page 54 undefined on input line 149.

[54]

LaTeX Warning: Reference `9-23a' on page 55 undefined on input line 168.

[55]) (./chapters/ch 09 rotations in space/sec differential equations.tex

LaTeX Warning: Reference `sec:6-10' on page 56 undefined on input line 3.


LaTeX Warning: Reference `6-52' on page 56 undefined on input line 3.

))
No file "special functions".ind.
[56] (./special functions.aux)

LaTeX Warning: There were undefined references.


LaTeX Warning: There were multiply-defined labels.

 )
(\end occurred inside a group at level 18)

### simple group (level 18) entered at line 288 ({)
### simple group (level 17) entered at line 288 ({)
### simple group (level 16) entered at line 209 ({)
### simple group (level 15) entered at line 204 ({)
### simple group (level 14) entered at line 204 ({)
### simple group (level 13) entered at line 204 ({)
### simple group (level 12) entered at line 203 ({)
### simple group (level 11) entered at line 193 ({)
### simple group (level 10) entered at line 186 ({)
### simple group (level 9) entered at line 56 ({)
### simple group (level 8) entered at line 51 ({)
### simple group (level 7) entered at line 44 ({)
### simple group (level 6) entered at line 44 ({)
### simple group (level 5) entered at line 44 ({)
### simple group (level 4) entered at line 16 ({)
### simple group (level 3) entered at line 16 ({)
### simple group (level 2) entered at line 16 ({)
### simple group (level 1) entered at line 16 ({)
### bottom level 
Here is how much of TeX's memory you used:
 3472 strings out of 493014
 49525 string characters out of 6133351
 121416 words of memory out of 5000000
 6807 multiletter control sequences out of 15000+600000
 11260 words of font info for 43 fonts, out of 8000000 for 9000
 1141 hyphenation exceptions out of 8191
 38i,25n,26p,1864b,338s stack positions out of 5000i,500n,10000p,200000b,80000s
</usr/local/texlive/2016/texmf-dist/fonts/type1/public/amsfonts
/cm/cmbx10.pfb></usr/local/texlive/2016/texmf-dist/fonts/type1/public/amsfonts/
cm/cmbx7.pfb></usr/local/texlive/2016/texmf-dist/fonts/type1/public/amsfonts/cm
/cmbxti10.pfb></usr/local/texlive/2016/texmf-dist/fonts/type1/public/amsfonts/c
m/cmex10.pfb></usr/local/texlive/2016/texmf-dist/fonts/type1/public/amsfonts/cm
/cmmi10.pfb></usr/local/texlive/2016/texmf-dist/fonts/type1/public/amsfonts/cm/
cmmi12.pfb></usr/local/texlive/2016/texmf-dist/fonts/type1/public/amsfonts/cm/c
mmi5.pfb></usr/local/texlive/2016/texmf-dist/fonts/type1/public/amsfonts/cm/cmm
i7.pfb></usr/local/texlive/2016/texmf-dist/fonts/type1/public/amsfonts/cm/cmr10
.pfb></usr/local/texlive/2016/texmf-dist/fonts/type1/public/amsfonts/cm/cmr12.p
fb></usr/local/texlive/2016/texmf-dist/fonts/type1/public/amsfonts/cm/cmr5.pfb>
</usr/local/texlive/2016/texmf-dist/fonts/type1/public/amsfonts/cm/cmr7.pfb></u
sr/local/texlive/2016/texmf-dist/fonts/type1/public/amsfonts/cm/cmss10.pfb></us
r/local/texlive/2016/texmf-dist/fonts/type1/public/amsfonts/cm/cmssbx10.pfb></u
sr/local/texlive/2016/texmf-dist/fonts/type1/public/amsfonts/cm/cmsy10.pfb></us
r/local/texlive/2016/texmf-dist/fonts/type1/public/amsfonts/cm/cmsy5.pfb></usr/
local/texlive/2016/texmf-dist/fonts/type1/public/amsfonts/cm/cmsy7.pfb></usr/lo
cal/texlive/2016/texmf-dist/fonts/type1/public/amsfonts/cm/cmti10.pfb></usr/loc
al/texlive/2016/texmf-dist/fonts/type1/public/amsfonts/latxfont/lcircle1.pfb>
Output written on "special functions.pdf" (66 pages, 398930 bytes).
PDF statistics:
 298 PDF objects out of 1000 (max. 8388607)
 207 compressed objects within 3 object streams
 0 named destinations out of 1000 (max. 500000)
 6 words of extra memory for PDF output out of 10000 (max. 10000000)

